<?xml version="1.0" encoding="UTF-8"?>
<testsuite name="net.rightpair.membership.adapter.in.web.RegisterMembershipControllerTest" tests="1" skipped="0" failures="0" errors="0" timestamp="2024-03-19T07:28:15" hostname="DESKTOP-P8LNRBB" time="0.052">
  <properties/>
  <testcase name="registerMembership_success()" classname="net.rightpair.membership.adapter.in.web.RegisterMembershipControllerTest" time="0.052"/>
  <system-out><![CDATA[2024-03-19T16:28:15.163+09:00  INFO 16212 --- [membership-service] [    Test worker] t.c.s.AnnotationConfigContextLoaderUtils : Could not detect default configuration classes for test class [net.rightpair.membership.adapter.in.web.RegisterMembershipControllerTest]: RegisterMembershipControllerTest does not declare any static, non-private, non-final, nested classes annotated with @Configuration.
2024-03-19T16:28:15.167+09:00  INFO 16212 --- [membership-service] [    Test worker] .b.t.c.SpringBootTestContextBootstrapper : Found @SpringBootConfiguration net.rightpair.membership.MembershipApplication for test class net.rightpair.membership.adapter.in.web.RegisterMembershipControllerTest
]]></system-out>
  <system-err><![CDATA[]]></system-err>
</testsuite>
