<?xml version="1.0" encoding="UTF-8"?>
<testsuite name="net.rightpair.membership.adapter.in.web.FindMembershipControllerTest" tests="1" skipped="0" failures="0" errors="0" timestamp="2024-03-19T07:28:14" hostname="DESKTOP-P8LNRBB" time="0.958">
  <properties/>
  <testcase name="findMembership_success()" classname="net.rightpair.membership.adapter.in.web.FindMembershipControllerTest" time="0.958"/>
  <system-out><![CDATA[16:28:07.434 [Test worker] INFO org.springframework.test.context.support.AnnotationConfigContextLoaderUtils -- Could not detect default configuration classes for test class [net.rightpair.membership.adapter.in.web.FindMembershipControllerTest]: FindMembershipControllerTest does not declare any static, non-private, non-final, nested classes annotated with @Configuration.
16:28:07.581 [Test worker] INFO org.springframework.boot.test.context.SpringBootTestContextBootstrapper -- Found @SpringBootConfiguration net.rightpair.membership.MembershipApplication for test class net.rightpair.membership.adapter.in.web.FindMembershipControllerTest

  .   ____          _            __ _ _
 /\\ / ___'_ __ _ _(_)_ __  __ _ \ \ \ \
( ( )\___ | '_ | '_| | '_ \/ _` | \ \ \ \
 \\/  ___)| |_)| | | | | || (_| |  ) ) ) )
  '  |____| .__|_| |_|_| |_\__, | / / / /
 =========|_|==============|___/=/_/_/_/
 :: Spring Boot ::                (v3.2.3)

2024-03-19T16:28:08.075+09:00  INFO 16212 --- [membership-service] [    Test worker] n.r.m.a.i.w.FindMembershipControllerTest : Starting FindMembershipControllerTest using Java 17.0.7 with PID 16212 (started by han in D:\Projects\spring-pay-app\membership-service)
2024-03-19T16:28:08.077+09:00  INFO 16212 --- [membership-service] [    Test worker] n.r.m.a.i.w.FindMembershipControllerTest : The following 1 profile is active: "test"
2024-03-19T16:28:09.241+09:00  INFO 16212 --- [membership-service] [    Test worker] .s.d.r.c.RepositoryConfigurationDelegate : Bootstrapping Spring Data JPA repositories in DEFAULT mode.
2024-03-19T16:28:09.305+09:00  INFO 16212 --- [membership-service] [    Test worker] .s.d.r.c.RepositoryConfigurationDelegate : Finished Spring Data repository scanning in 53 ms. Found 1 JPA repository interface.
2024-03-19T16:28:10.078+09:00  INFO 16212 --- [membership-service] [    Test worker] o.hibernate.jpa.internal.util.LogHelper  : HHH000204: Processing PersistenceUnitInfo [name: default]
2024-03-19T16:28:10.160+09:00  INFO 16212 --- [membership-service] [    Test worker] org.hibernate.Version                    : HHH000412: Hibernate ORM core version 6.4.4.Final
2024-03-19T16:28:10.210+09:00  INFO 16212 --- [membership-service] [    Test worker] o.h.c.internal.RegionFactoryInitiator    : HHH000026: Second-level cache disabled
2024-03-19T16:28:10.553+09:00  INFO 16212 --- [membership-service] [    Test worker] o.s.o.j.p.SpringPersistenceUnitInfo      : No LoadTimeWeaver setup: ignoring JPA class transformer
2024-03-19T16:28:10.589+09:00  INFO 16212 --- [membership-service] [    Test worker] com.zaxxer.hikari.HikariDataSource       : HikariPool-1 - Starting...
2024-03-19T16:28:10.779+09:00  INFO 16212 --- [membership-service] [    Test worker] com.zaxxer.hikari.pool.HikariPool        : HikariPool-1 - Added connection conn0: url=jdbc:h2:mem:test_db user=SA
2024-03-19T16:28:10.781+09:00  INFO 16212 --- [membership-service] [    Test worker] com.zaxxer.hikari.HikariDataSource       : HikariPool-1 - Start completed.
2024-03-19T16:28:11.840+09:00  INFO 16212 --- [membership-service] [    Test worker] o.h.e.t.j.p.i.JtaPlatformInitiator       : HHH000489: No JTA platform available (set 'hibernate.transaction.jta.platform' to enable JTA platform integration)
2024-03-19T16:28:11.881+09:00  INFO 16212 --- [membership-service] [    Test worker] j.LocalContainerEntityManagerFactoryBean : Initialized JPA EntityManagerFactory for persistence unit 'default'
2024-03-19T16:28:12.643+09:00  WARN 16212 --- [membership-service] [    Test worker] JpaBaseConfiguration$JpaWebConfiguration : spring.jpa.open-in-view is enabled by default. Therefore, database queries may be performed during view rendering. Explicitly configure spring.jpa.open-in-view to disable this warning
2024-03-19T16:28:13.921+09:00  INFO 16212 --- [membership-service] [    Test worker] o.s.b.t.m.w.SpringBootMockServletContext : Initializing Spring TestDispatcherServlet ''
2024-03-19T16:28:13.922+09:00  INFO 16212 --- [membership-service] [    Test worker] o.s.t.web.servlet.TestDispatcherServlet  : Initializing Servlet ''
2024-03-19T16:28:13.936+09:00  INFO 16212 --- [membership-service] [    Test worker] o.s.b.a.e.web.EndpointLinksResolver      : Exposing 1 endpoint(s) beneath base path '/actuator'
2024-03-19T16:28:13.966+09:00  INFO 16212 --- [membership-service] [    Test worker] o.s.t.web.servlet.TestDispatcherServlet  : Completed initialization in 43 ms
2024-03-19T16:28:14.049+09:00  INFO 16212 --- [membership-service] [    Test worker] n.r.m.a.i.w.FindMembershipControllerTest : Started FindMembershipControllerTest in 6.31 seconds (process running for 7.611)
]]></system-out>
  <system-err><![CDATA[]]></system-err>
</testsuite>
