<?xml version="1.0" encoding="UTF-8"?>
<testsuite name="net.rightpair.banking.adapter.in.web.RegisterBankAccountControllerTest" tests="1" skipped="0" failures="0" errors="0" timestamp="2024-03-19T09:55:31" hostname="DESKTOP-P8LNRBB" time="2.049">
  <properties/>
  <testcase name="registerMembership_success()" classname="net.rightpair.banking.adapter.in.web.RegisterBankAccountControllerTest" time="2.049"/>
  <system-out><![CDATA[18:55:25.755 [Test worker] INFO org.springframework.test.context.support.AnnotationConfigContextLoaderUtils -- Could not detect default configuration classes for test class [net.rightpair.banking.adapter.in.web.RegisterBankAccountControllerTest]: RegisterBankAccountControllerTest does not declare any static, non-private, non-final, nested classes annotated with @Configuration.
18:55:25.896 [Test worker] INFO org.springframework.boot.test.context.SpringBootTestContextBootstrapper -- Found @SpringBootConfiguration net.rightpair.banking.BankingApplication for test class net.rightpair.banking.adapter.in.web.RegisterBankAccountControllerTest

  .   ____          _            __ _ _
 /\\ / ___'_ __ _ _(_)_ __  __ _ \ \ \ \
( ( )\___ | '_ | '_| | '_ \/ _` | \ \ \ \
 \\/  ___)| |_)| | | | | || (_| |  ) ) ) )
  '  |____| .__|_| |_|_| |_\__, | / / / /
 =========|_|==============|___/=/_/_/_/
 :: Spring Boot ::                (v3.2.3)

2024-03-19T18:55:26.396+09:00  INFO 56040 --- [banking-service] [    Test worker] .a.i.w.RegisterBankAccountControllerTest : Starting RegisterBankAccountControllerTest using Java 17.0.7 with PID 56040 (started by han in D:\Projects\spring-pay-app\banking-service)
2024-03-19T18:55:26.397+09:00  INFO 56040 --- [banking-service] [    Test worker] .a.i.w.RegisterBankAccountControllerTest : The following 1 profile is active: "test"
2024-03-19T18:55:27.511+09:00  INFO 56040 --- [banking-service] [    Test worker] .s.d.r.c.RepositoryConfigurationDelegate : Bootstrapping Spring Data JPA repositories in DEFAULT mode.
2024-03-19T18:55:27.573+09:00  INFO 56040 --- [banking-service] [    Test worker] .s.d.r.c.RepositoryConfigurationDelegate : Finished Spring Data repository scanning in 51 ms. Found 1 JPA repository interface.
2024-03-19T18:55:28.284+09:00  INFO 56040 --- [banking-service] [    Test worker] o.hibernate.jpa.internal.util.LogHelper  : HHH000204: Processing PersistenceUnitInfo [name: default]
2024-03-19T18:55:28.378+09:00  INFO 56040 --- [banking-service] [    Test worker] org.hibernate.Version                    : HHH000412: Hibernate ORM core version 6.4.4.Final
2024-03-19T18:55:28.425+09:00  INFO 56040 --- [banking-service] [    Test worker] o.h.c.internal.RegionFactoryInitiator    : HHH000026: Second-level cache disabled
2024-03-19T18:55:28.707+09:00  INFO 56040 --- [banking-service] [    Test worker] o.s.o.j.p.SpringPersistenceUnitInfo      : No LoadTimeWeaver setup: ignoring JPA class transformer
2024-03-19T18:55:28.742+09:00  INFO 56040 --- [banking-service] [    Test worker] com.zaxxer.hikari.HikariDataSource       : HikariPool-1 - Starting...
2024-03-19T18:55:28.937+09:00  INFO 56040 --- [banking-service] [    Test worker] com.zaxxer.hikari.pool.HikariPool        : HikariPool-1 - Added connection conn0: url=jdbc:h2:mem:test_db user=SA
2024-03-19T18:55:28.941+09:00  INFO 56040 --- [banking-service] [    Test worker] com.zaxxer.hikari.HikariDataSource       : HikariPool-1 - Start completed.
2024-03-19T18:55:29.965+09:00  INFO 56040 --- [banking-service] [    Test worker] o.h.e.t.j.p.i.JtaPlatformInitiator       : HHH000489: No JTA platform available (set 'hibernate.transaction.jta.platform' to enable JTA platform integration)
2024-03-19T18:55:30.007+09:00  INFO 56040 --- [banking-service] [    Test worker] j.LocalContainerEntityManagerFactoryBean : Initialized JPA EntityManagerFactory for persistence unit 'default'
2024-03-19T18:55:30.718+09:00  WARN 56040 --- [banking-service] [    Test worker] JpaBaseConfiguration$JpaWebConfiguration : spring.jpa.open-in-view is enabled by default. Therefore, database queries may be performed during view rendering. Explicitly configure spring.jpa.open-in-view to disable this warning
2024-03-19T18:55:31.741+09:00  INFO 56040 --- [banking-service] [    Test worker] o.s.b.t.m.w.SpringBootMockServletContext : Initializing Spring TestDispatcherServlet ''
2024-03-19T18:55:31.741+09:00  INFO 56040 --- [banking-service] [    Test worker] o.s.t.web.servlet.TestDispatcherServlet  : Initializing Servlet ''
2024-03-19T18:55:31.750+09:00  INFO 56040 --- [banking-service] [    Test worker] o.s.b.a.e.web.EndpointLinksResolver      : Exposing 1 endpoint(s) beneath base path '/actuator'
2024-03-19T18:55:31.769+09:00  INFO 56040 --- [banking-service] [    Test worker] o.s.t.web.servlet.TestDispatcherServlet  : Completed initialization in 27 ms
2024-03-19T18:55:31.839+09:00  INFO 56040 --- [banking-service] [    Test worker] .a.i.w.RegisterBankAccountControllerTest : Started RegisterBankAccountControllerTest in 5.782 seconds (process running for 7.032)
]]></system-out>
  <system-err><![CDATA[]]></system-err>
</testsuite>
